<?xml version="1.0" encoding="UTF-8"?>
<!-- Generated by org.testng.reporters.JUnitXMLReporter -->
<testsuite ignored="0" hostname="DESKTOP-RB8JHK9" failures="0" tests="4" name="Default test" time="28.268" errors="0" timestamp="2021-11-18T06:37:12 GMT-08:00">
  <testcase classname="com.qa.opencart.test.LoginPageTest" name="loginPageTitleTest" time="0.14"/>
  <testcase classname="com.qa.opencart.test.LoginPageTest" name="forgottentPwdLinkTest" time="0.74"/>
  <testcase classname="com.qa.opencart.test.LoginPageTest" name="loginLinkTest" time="0.139"/>
  <testcase classname="com.qa.opencart.test.LoginPageTest" name="LoginAppTest" time="4.336"/>
</testsuite> <!-- Default test -->
