<?xml version="1.0" encoding="UTF-8"?>
<testng-results ignored="0" total="4" passed="4" failed="0" skipped="0">
  <reporter-output>
  </reporter-output>
  <suite started-at="2021-11-18T06:36:43 GMT-08:00" name="Default suite" finished-at="2021-11-18T06:37:12 GMT-08:00" duration-ms="28268">
    <groups>
    </groups>
    <test started-at="2021-11-18T06:36:43 GMT-08:00" name="Default test" finished-at="2021-11-18T06:37:12 GMT-08:00" duration-ms="28268">
      <class name="com.qa.opencart.test.LoginPageTest">
        <test-method is-config="true" signature="setUp()[pri:0, instance:com.qa.opencart.test.LoginPageTest@1e683a3e]" started-at="2021-11-18T06:36:43 GMT-08:00" name="setUp" finished-at="2021-11-18T06:37:05 GMT-08:00" duration-ms="22026" status="PASS">
          <reporter-output>
          </reporter-output>
        </test-method> <!-- setUp -->
        <test-method signature="loginPageTitleTest()[pri:1, instance:com.qa.opencart.test.LoginPageTest@1e683a3e]" started-at="2021-11-18T06:37:06 GMT-08:00" name="loginPageTitleTest" finished-at="2021-11-18T06:37:06 GMT-08:00" duration-ms="140" status="PASS">
          <reporter-output>
          </reporter-output>
        </test-method> <!-- loginPageTitleTest -->
        <test-method signature="forgottentPwdLinkTest()[pri:2, instance:com.qa.opencart.test.LoginPageTest@1e683a3e]" started-at="2021-11-18T06:37:06 GMT-08:00" name="forgottentPwdLinkTest" finished-at="2021-11-18T06:37:06 GMT-08:00" duration-ms="740" status="PASS">
          <reporter-output>
          </reporter-output>
        </test-method> <!-- forgottentPwdLinkTest -->
        <test-method signature="loginLinkTest()[pri:3, instance:com.qa.opencart.test.LoginPageTest@1e683a3e]" started-at="2021-11-18T06:37:07 GMT-08:00" name="loginLinkTest" finished-at="2021-11-18T06:37:07 GMT-08:00" duration-ms="139" status="PASS">
          <reporter-output>
          </reporter-output>
        </test-method> <!-- loginLinkTest -->
        <test-method signature="LoginAppTest()[pri:4, instance:com.qa.opencart.test.LoginPageTest@1e683a3e]" started-at="2021-11-18T06:37:07 GMT-08:00" name="LoginAppTest" finished-at="2021-11-18T06:37:11 GMT-08:00" duration-ms="4336" status="PASS">
          <reporter-output>
          </reporter-output>
        </test-method> <!-- LoginAppTest -->
        <test-method is-config="true" signature="tearDown()[pri:0, instance:com.qa.opencart.test.LoginPageTest@1e683a3e]" started-at="2021-11-18T06:37:11 GMT-08:00" name="tearDown" finished-at="2021-11-18T06:37:12 GMT-08:00" duration-ms="524" status="PASS">
          <reporter-output>
          </reporter-output>
        </test-method> <!-- tearDown -->
      </class> <!-- com.qa.opencart.test.LoginPageTest -->
    </test> <!-- Default test -->
  </suite> <!-- Default suite -->
</testng-results>
